<?xml version="1.0" encoding="UTF-8"?>
<testsuite name="hotel.BookingSystemTest$RefactoringRegressionTests" tests="3" skipped="0" failures="0" errors="0" timestamp="2023-02-21T05:10:32" hostname="Hoangs-MacBook-Pro.local" time="0.001">
  <properties/>
  <testcase name="testCanMakeTwoBookingsWithoutOverlap()" classname="hotel.BookingSystemTest$RefactoringRegressionTests" time="0.0"/>
  <testcase name="testMakeBooking()" classname="hotel.BookingSystemTest$RefactoringRegressionTests" time="0.001"/>
  <testcase name="testCanMakeTwoBookingsAtSameTimeWithMultipleRooms()" classname="hotel.BookingSystemTest$RefactoringRegressionTests" time="0.0"/>
  <system-out><![CDATA[]]></system-out>
  <system-err><![CDATA[]]></system-err>
</testsuite>
