<?xml version="1.0" encoding="UTF-8"?>
<testsuite name="unsw.archaic_fs.ArchaicFsTest" tests="8" skipped="0" failures="0" errors="0" timestamp="2023-03-08T23:07:44" hostname="Hoangs-MacBook-Pro.local" time="0.028">
  <properties/>
  <testcase name="testCdInvalidDirectory()" classname="unsw.archaic_fs.ArchaicFsTest" time="0.02"/>
  <testcase name="testInvalidWriteToFile()" classname="unsw.archaic_fs.ArchaicFsTest" time="0.001"/>
  <testcase name="testValidMkdir()" classname="unsw.archaic_fs.ArchaicFsTest" time="0.001"/>
  <testcase name="testCreateFile()" classname="unsw.archaic_fs.ArchaicFsTest" time="0.002"/>
  <testcase name="testCdValidDirectory()" classname="unsw.archaic_fs.ArchaicFsTest" time="0.001"/>
  <testcase name="testInvalidMkdir()" classname="unsw.archaic_fs.ArchaicFsTest" time="0.001"/>
  <testcase name="testReadFromInvalidFile()" classname="unsw.archaic_fs.ArchaicFsTest" time="0.0"/>
  <testcase name="testCdAroundPaths()" classname="unsw.archaic_fs.ArchaicFsTest" time="0.0"/>
  <system-out><![CDATA[]]></system-out>
  <system-err><![CDATA[]]></system-err>
</testsuite>
