<?xml version="1.0" encoding="UTF-8"?>
<testsuite name="average.AverageTest" tests="1" skipped="0" failures="0" errors="0" timestamp="2023-02-17T12:29:42" hostname="Hoangs-MacBook-Pro.local" time="0.01">
  <properties/>
  <testcase name="testAverage()" classname="average.AverageTest" time="0.01"/>
  <system-out><![CDATA[]]></system-out>
  <system-err><![CDATA[]]></system-err>
</testsuite>
