<?xml version="1.0" encoding="UTF-8"?>
<testsuite name="splitter.SplitterTest" tests="1" skipped="0" failures="0" errors="0" timestamp="2023-02-17T12:29:42" hostname="Hoangs-MacBook-Pro.local" time="0.002">
  <properties/>
  <testcase name="testSplitter()" classname="splitter.SplitterTest" time="0.002"/>
  <system-out><![CDATA[]]></system-out>
  <system-err><![CDATA[]]></system-err>
</testsuite>
